<?xml version="1.0" encoding="UTF-8"?>
<testsuite xmlns:xsi="http://www.w3.org/2001/XMLSchema-instance" xsi:noNamespaceSchemaLocation="https://maven.apache.org/surefire/maven-surefire-plugin/xsd/surefire-test-report.xsd" name="examples.ExamplesTest" time="5.678" tests="10" errors="0" skipped="0" failures="3">
  <properties>
[...]
</properties>
  <testcase name="testAll[1][1]" classname="examples.ExamplesTest" time="2.126">
    <failure message="status code was: 404, expected: 200, response time in milliseconds: 443, url: https://reqres.in/api/default/users%3Fpage=2, response: &#10;{}&#10;classpath:examples/users/ConfigDemo1.feature:9" type="org.opentest4j.AssertionFailedError">org.opentest4j.AssertionFailedError: 
status code was: 404, expected: 200, response time in milliseconds: 443, url: https://reqres.in/api/default/users%3Fpage=2, response: 
{}
classpath:examples/users/ConfigDemo1.feature:9
</failure>
    <system-out><![CDATA[16:19:48.667 [main] DEBUG com.intuit.karate.Suite - [config] classpath:karate-config.js
16:19:49.489 [main] INFO  com.intuit.karate - karate.env system property was: null 
16:19:49.742 [main] DEBUG com.intuit.karate - request:
1 > GET https://reqres.in/api/default/users%3Fpage=2
1 > Accept: application/json
1 > Host: reqres.in
1 > Connection: Keep-Alive
1 > User-Agent: Apache-HttpClient/4.5.12 (Java/17.0.6)
1 > Accept-Encoding: gzip,deflate


16:19:50.188 [main] DEBUG com.intuit.karate - response time in milliseconds: 443
1 < 404
1 < Date: Sun, 12 Feb 2023 13:19:48 GMT
1 < Content-Type: application/json; charset=utf-8
1 < Content-Length: 2
1 < Connection: keep-alive
1 < X-Powered-By: Express
1 < Access-Control-Allow-Origin: *
1 < Etag: W/"2-vyGp6PvFo4RvsFtPoIWeCReyIC8"
1 < Via: 1.1 vegur
1 < Cache-Control: max-age=14400
1 < CF-Cache-Status: MISS
1 < Report-To: {"endpoints":[{"url":"https:\/\/a.nel.cloudflare.com\/report\/v3?s=rrJphctqkK4MNoea6Y4RBZ65geTZhVU8e8mYdhlOGt1uVUOf0nS7uhxxvaOC4J%2B4QDiov7oclVnxwBBFDYsbHBPqUSIAnBLrOCAW1uYDaTAUVVzD9Ny2TNNAtw%3D%3D"}],"group":"cf-nel","max_age":604800}
1 < NEL: {"success_fraction":0,"report_to":"cf-nel","max_age":604800}
1 < Vary: Accept-Encoding
1 < Server: cloudflare
1 < CF-RAY: 79859e3a1bd00e6c-AMS
{}

16:19:50.213 [main] ERROR com.intuit.karate - classpath:examples/users/ConfigDemo1.feature:9
Then status 200
status code was: 404, expected: 200, response time in milliseconds: 443, url: https://reqres.in/api/default/users%3Fpage=2, response: 
{}
classpath:examples/users/ConfigDemo1.feature:9
---------------------------------------------------------
feature: classpath:examples/users/ConfigDemo1.feature
scenarios:  1 | passed:  0 | failed:  1 | time: 0.6912
---------------------------------------------------------

]]></system-out>
  </testcase>
  <testcase name="testAll[2][1]" classname="examples.ExamplesTest" time="0.261"/>
  <testcase name="testAll[2][2]" classname="examples.ExamplesTest" time="0.253"/>
  <testcase name="testAll[2][3]" classname="examples.ExamplesTest" time="0.368">
    <failure message="did not evaluate to &apos;true&apos;: response.data.lenght == 6&#10;classpath:examples/users/Get.feature:25" type="org.opentest4j.AssertionFailedError">org.opentest4j.AssertionFailedError: 
did not evaluate to 'true': response.data.lenght == 6
classpath:examples/users/Get.feature:25
</failure>
    <system-out><![CDATA[16:19:51.345 [main] INFO  com.intuit.karate - karate.env system property was: null 
16:19:51.348 [main] DEBUG com.intuit.karate - request:
1 > GET https://reqres.in/api/users?page=2
1 > Accept: application/json
1 > Host: reqres.in
1 > Connection: Keep-Alive
1 > User-Agent: Apache-HttpClient/4.5.12 (Java/17.0.6)
1 > Accept-Encoding: gzip,deflate


16:19:51.547 [main] DEBUG com.intuit.karate - response time in milliseconds: 198
1 < 200
1 < Date: Sun, 12 Feb 2023 13:19:50 GMT
1 < Content-Type: application/json; charset=utf-8
1 < Transfer-Encoding: chunked
1 < Connection: keep-alive
1 < X-Powered-By: Express
1 < Access-Control-Allow-Origin: *
1 < Etag: W/"406-ut0vzoCuidvyMf8arZpMpJ6ZRDw"
1 < Via: 1.1 vegur
1 < Cache-Control: max-age=14400
1 < CF-Cache-Status: HIT
1 < Age: 3626
1 < Report-To: {"endpoints":[{"url":"https:\/\/a.nel.cloudflare.com\/report\/v3?s=IFlJzWu%2Bz1iI7R1gL162BRkZA8cKpYu7eg0t4auYEtRHHCM%2FvtaS0ZWzu7sRaGN%2BM2UyNMw7o2vQmKFFAFIsKkZBkf7jQzVqBQwuUTeqtzM%2FwbkP5TfKxYqlAQ%3D%3D"}],"group":"cf-nel","max_age":604800}
1 < NEL: {"success_fraction":0,"report_to":"cf-nel","max_age":604800}
1 < Vary: Accept-Encoding
1 < Server: cloudflare
1 < CF-RAY: 79859e42de3db779-AMS
{"page":2,"per_page":6,"total":12,"total_pages":2,"data":[{"id":7,"email":"michael.lawson@reqres.in","first_name":"Michael","last_name":"Lawson","avatar":"https://reqres.in/img/faces/7-image.jpg"},{"id":8,"email":"lindsay.ferguson@reqres.in","first_name":"Lindsay","last_name":"Ferguson","avatar":"https://reqres.in/img/faces/8-image.jpg"},{"id":9,"email":"tobias.funke@reqres.in","first_name":"Tobias","last_name":"Funke","avatar":"https://reqres.in/img/faces/9-image.jpg"},{"id":10,"email":"byron.fields@reqres.in","first_name":"Byron","last_name":"Fields","avatar":"https://reqres.in/img/faces/10-image.jpg"},{"id":11,"email":"george.edwards@reqres.in","first_name":"George","last_name":"Edwards","avatar":"https://reqres.in/img/faces/11-image.jpg"},{"id":12,"email":"rachel.howell@reqres.in","first_name":"Rachel","last_name":"Howell","avatar":"https://reqres.in/img/faces/12-image.jpg"}],"support":{"url":"https://reqres.in/#support-heading","text":"To keep ReqRes free, contributions towards server costs are appreciated!"}}

16:19:51.548 [main] INFO  com.intuit.karate - [print] {
  "page": 2,
  "per_page": 6,
  "total": 12,
  "total_pages": 2,
  "data": [
    {
      "id": 7,
      "email": "michael.lawson@reqres.in",
      "first_name": "Michael",
      "last_name": "Lawson",
      "avatar": "https://reqres.in/img/faces/7-image.jpg"
    },
    {
      "id": 8,
      "email": "lindsay.ferguson@reqres.in",
      "first_name": "Lindsay",
      "last_name": "Ferguson",
      "avatar": "https://reqres.in/img/faces/8-image.jpg"
    },
    {
      "id": 9,
      "email": "tobias.funke@reqres.in",
      "first_name": "Tobias",
      "last_name": "Funke",
      "avatar": "https://reqres.in/img/faces/9-image.jpg"
    },
    {
      "id": 10,
      "email": "byron.fields@reqres.in",
      "first_name": "Byron",
      "last_name": "Fields",
      "avatar": "https://reqres.in/img/faces/10-image.jpg"
    },
    {
      "id": 11,
      "email": "george.edwards@reqres.in",
      "first_name": "George",
      "last_name": "Edwards",
      "avatar": "https://reqres.in/img/faces/11-image.jpg"
    },
    {
      "id": 12,
      "email": "rachel.howell@reqres.in",
      "first_name": "Rachel",
      "last_name": "Howell",
      "avatar": "https://reqres.in/img/faces/12-image.jpg"
    }
  ],
  "support": {
    "url": "https://reqres.in/#support-heading",
    "text": "To keep ReqRes free, contributions towards server costs are appreciated!"
  }
}
 
16:19:51.571 [main] ERROR com.intuit.karate - classpath:examples/users/Get.feature:25
And assert response.data.lenght == 6
did not evaluate to 'true': response.data.lenght == 6
classpath:examples/users/Get.feature:25
---------------------------------------------------------
feature: classpath:examples/users/Get.feature
scenarios:  3 | passed:  2 | failed:  1 | time: 0.7239
---------------------------------------------------------

]]></system-out>
  </testcase>
  <testcase name="testAll[3][1]" classname="examples.ExamplesTest" time="0.291"/>
  <testcase name="testAll[3][2]" classname="examples.ExamplesTest" time="0.249"/>
  <testcase name="testAll[3][3]" classname="examples.ExamplesTest" time="0.254"/>
  <testcase name="testAll[3][4]" classname="examples.ExamplesTest" time="0.362">
    <failure message="match failed: EQUALS&#10;  $ | not equal | match failed for name: &apos;job&apos; (MAP:MAP)&#10;  {&quot;name&quot;:&quot;Suleyman&quot;,&quot;job&quot;:&quot;engineer&quot;,&quot;id&quot;:&quot;890&quot;,&quot;createdAt&quot;:&quot;2023-02-12T13:19:51.424Z&quot;}&#10;  {&quot;name&quot;:&quot;Suleyman&quot;,&quot;job&quot;:&quot;Baba&quot;,&quot;id&quot;:&quot;#string&quot;,&quot;createdAt&quot;:&quot;#ignore&quot;}&#10;&#10;    $.job | not equal (STRING:STRING)&#10;    &apos;engineer&apos;&#10;    &apos;Baba&apos;&#10;&#10;classpath:examples/users/Post.feature:41" type="org.opentest4j.AssertionFailedError">org.opentest4j.AssertionFailedError: 
match failed: EQUALS
  $ | not equal | match failed for name: 'job' (MAP:MAP)
  {"name":"Suleyman","job":"engineer","id":"890","createdAt":"2023-02-12T13:19:51.424Z"}
  {"name":"Suleyman","job":"Baba","id":"#string","createdAt":"#ignore"}

    $.job | not equal (STRING:STRING)
    'engineer'
    'Baba'

classpath:examples/users/Post.feature:41
</failure>
    <system-out><![CDATA[16:19:52.509 [main] INFO  com.intuit.karate - karate.env system property was: null 
16:19:52.513 [main] DEBUG com.intuit.karate - request:
1 > POST https://reqres.in/api/users
1 > Accept: application/json
1 > Content-Type: application/json; charset=UTF-8
1 > Content-Length: 36
1 > Host: reqres.in
1 > Connection: Keep-Alive
1 > User-Agent: Apache-HttpClient/4.5.12 (Java/17.0.6)
1 > Accept-Encoding: gzip,deflate
{"name":"Suleyman","job":"engineer"}

16:19:52.764 [main] DEBUG com.intuit.karate - response time in milliseconds: 251
1 < 201
1 < Date: Sun, 12 Feb 2023 13:19:51 GMT
1 < Content-Type: application/json; charset=utf-8
1 < Content-Length: 86
1 < Connection: keep-alive
1 < X-Powered-By: Express
1 < Access-Control-Allow-Origin: *
1 < Etag: W/"56-YAlkd3P5Mz5ug9QXl7KtBg2Xxl8"
1 < Via: 1.1 vegur
1 < CF-Cache-Status: DYNAMIC
1 < Report-To: {"endpoints":[{"url":"https:\/\/a.nel.cloudflare.com\/report\/v3?s=SP7EycW7F%2FZo2kxSrjFuUTxLCPnLLjO0Qo8EtnpY6hywnMdgiz9LdSvC7tIn9%2BNGr%2FV6QH4JTF9rABbhEZ5Z3RJneKAG5%2BRO%2B5dQE1yMPVDDQZqU1vsaBBGAXQ%3D%3D"}],"group":"cf-nel","max_age":604800}
1 < NEL: {"success_fraction":0,"report_to":"cf-nel","max_age":604800}
1 < Server: cloudflare
1 < CF-RAY: 79859e4a28171cc6-AMS
{"name":"Suleyman","job":"engineer","id":"890","createdAt":"2023-02-12T13:19:51.424Z"}

16:19:52.766 [main] ERROR com.intuit.karate - classpath:examples/users/Post.feature:41
And match response == expectedOutput
match failed: EQUALS
  $ | not equal | match failed for name: 'job' (MAP:MAP)
  {"name":"Suleyman","job":"engineer","id":"890","createdAt":"2023-02-12T13:19:51.424Z"}
  {"name":"Suleyman","job":"Baba","id":"#string","createdAt":"#ignore"}

    $.job | not equal (STRING:STRING)
    'engineer'
    'Baba'

classpath:examples/users/Post.feature:41
---------------------------------------------------------
feature: classpath:examples/users/Post.feature
scenarios:  4 | passed:  3 | failed:  1 | time: 1.0354
---------------------------------------------------------

]]></system-out>
  </testcase>
  <testcase name="testAll[4][1]" classname="examples.ExamplesTest" time="0.097"/>
  <testcase name="testAll[4][2]" classname="examples.ExamplesTest" time="0.445"/>
</testsuite>